<?xml version="1.0" encoding="UTF-8"?>
<!-- Generated by org.testng.reporters.JUnitReportReporter -->
<testsuite hostname="Chr0n05" failures="0" tests="3" name="DeleteApiTest" time="1.313" errors="0" timestamp="2024-05-06T09:13:25 ICT" skipped="0">
  <testcase classname="DeleteApiTest" name="DeletePostTest" time="0.353"/>
  <testcase classname="DeleteApiTest" name="DeleteUserTest" time="0.593"/>
  <testcase classname="DeleteApiTest" name="DeleteCommentTest" time="0.367"/>
</testsuite> <!-- DeleteApiTest -->
