<?xml version="1.0" encoding="UTF-8"?>
<!-- Generated by org.testng.reporters.JUnitReportReporter -->
<testsuite hostname="Chr0n05" failures="0" tests="10" name="GetApiTests" time="5.603" errors="0" timestamp="2024-05-05T21:18:10 ICT" skipped="0">
  <testcase classname="GetApiTests" name="Get10Post" time="0.713"/>
  <testcase classname="GetApiTests" name="getTag" time="0.946"/>
  <testcase classname="GetApiTests" name="Getcommentperpost" time="0.409"/>
  <testcase classname="GetApiTests" name="GetUserById" time="0.345"/>
  <testcase classname="GetApiTests" name="GetUserPost" time="0.438"/>
  <testcase classname="GetApiTests" name="getcommentbyUser" time="0.414"/>
  <testcase classname="GetApiTests" name="getpostbyTag" time="0.395"/>
  <testcase classname="GetApiTests" name="get10Comment" time="1.107"/>
  <testcase classname="GetApiTests" name="GetpostbyID" time="0.414"/>
  <testcase classname="GetApiTests" name="Get10Users" time="0.422"/>
</testsuite> <!-- GetApiTests -->
