<?xml version="1.0" encoding="UTF-8"?>
<!-- Generated by org.testng.reporters.JUnitReportReporter -->
<testsuite hostname="Chr0n05" failures="0" tests="10" name="GetApiTests" time="6.363" errors="0" timestamp="2024-05-06T09:13:25 ICT" skipped="0">
  <testcase classname="GetApiTests" name="getpostbyTag" time="0.449"/>
  <testcase classname="GetApiTests" name="Get10Users" time="0.368"/>
  <testcase classname="GetApiTests" name="Get10Post" time="0.918"/>
  <testcase classname="GetApiTests" name="get10Comment" time="1.029"/>
  <testcase classname="GetApiTests" name="GetpostbyID" time="0.388"/>
  <testcase classname="GetApiTests" name="getcommentbyUser" time="0.398"/>
  <testcase classname="GetApiTests" name="GetUserById" time="0.602"/>
  <testcase classname="GetApiTests" name="GetUserPost" time="0.537"/>
  <testcase classname="GetApiTests" name="getTag" time="0.960"/>
  <testcase classname="GetApiTests" name="Getcommentperpost" time="0.714"/>
</testsuite> <!-- GetApiTests -->
