<?xml version="1.0" encoding="UTF-8"?>
<!-- Generated by org.testng.reporters.JUnitReportReporter -->
<testsuite hostname="Chr0n05" failures="0" tests="3" name="DeleteApiTest" time="1.112" errors="0" timestamp="2024-05-05T21:37:12 ICT" skipped="0">
  <testcase classname="DeleteApiTest" name="DeleteUserTest" time="0.348"/>
  <testcase classname="DeleteApiTest" name="DeleteCommentTest" time="0.346"/>
  <testcase classname="DeleteApiTest" name="DeletePostTest" time="0.418"/>
</testsuite> <!-- DeleteApiTest -->
