<?xml version="1.0" encoding="UTF-8"?>
<!-- Generated by org.testng.reporters.JUnitReportReporter -->
<testsuite hostname="Chr0n05" failures="0" tests="1" name="TestingWithoutAppId" time="0.319" errors="0" timestamp="2024-05-05T21:37:12 ICT" skipped="0">
  <testcase classname="TestingWithoutAppId" name="Get10UsersWithoutAppId" time="0.319"/>
</testsuite> <!-- TestingWithoutAppId -->
