<?xml version="1.0" encoding="UTF-8"?>
<!-- Generated by org.testng.reporters.JUnitReportReporter -->
<testsuite hostname="Chr0n05" failures="0" tests="3" name="TestingWithoutAppId" time="0.956" errors="0" timestamp="2024-05-06T09:13:25 ICT" skipped="0">
  <testcase classname="TestingWithoutAppId" name="GetUserByIdWithoutAppId" time="0.313"/>
  <testcase classname="TestingWithoutAppId" name="createNewUserWithoutAppId" time="0.313"/>
  <testcase classname="TestingWithoutAppId" name="Get10UsersWithoutAppId" time="0.330"/>
</testsuite> <!-- TestingWithoutAppId -->
