<?xml version="1.0" encoding="UTF-8"?>
<!-- Generated by org.testng.reporters.JUnitReportReporter -->
<testsuite hostname="Chr0n05" failures="0" tests="10" name="GetApiTests" time="6.536" errors="0" timestamp="2024-05-05T21:37:12 ICT" skipped="0">
  <testcase classname="GetApiTests" name="getTag" time="1.450"/>
  <testcase classname="GetApiTests" name="Get10Post" time="0.747"/>
  <testcase classname="GetApiTests" name="GetUserById" time="0.702"/>
  <testcase classname="GetApiTests" name="get10Comment" time="0.899"/>
  <testcase classname="GetApiTests" name="Getcommentperpost" time="0.451"/>
  <testcase classname="GetApiTests" name="getcommentbyUser" time="0.334"/>
  <testcase classname="GetApiTests" name="GetpostbyID" time="0.337"/>
  <testcase classname="GetApiTests" name="Get10Users" time="0.440"/>
  <testcase classname="GetApiTests" name="GetUserPost" time="0.621"/>
  <testcase classname="GetApiTests" name="getpostbyTag" time="0.555"/>
</testsuite> <!-- GetApiTests -->
